13 Apr, 2012 2:08:00 PM org.apache.catalina.core.AprLifecycleListener init
INFO: The APR based Apache Tomcat Native library which allows optimal performance in production environments was not found on the java.library.path: /home/nehaga/tools/jvm/jdk1.6.0_31/jre/lib/amd64/server:/home/nehaga/tools/jvm/jdk1.6.0_31/jre/lib/amd64:/home/nehaga/tools/jvm/jdk1.6.0_31/jre/../lib/amd64:/usr/java/packages/lib/amd64:/usr/lib64:/lib64:/lib:/usr/lib
13 Apr, 2012 2:08:00 PM org.apache.coyote.http11.Http11Protocol init
INFO: Initializing Coyote HTTP/1.1 on http-8080
13 Apr, 2012 2:08:00 PM org.apache.catalina.startup.Catalina load
INFO: Initialization processed in 604 ms
13 Apr, 2012 2:08:00 PM org.apache.catalina.core.StandardService start
INFO: Starting service Catalina
13 Apr, 2012 2:08:00 PM org.apache.catalina.core.StandardEngine start
INFO: Starting Servlet Engine: Apache Tomcat/6.0.33
13 Apr, 2012 2:08:00 PM org.apache.catalina.startup.HostConfig deployDescriptor
INFO: Deploying configuration descriptor manager.xml
13 Apr, 2012 2:08:01 PM org.apache.catalina.startup.HostConfig deployDescriptor
INFO: Deploying configuration descriptor host-manager.xml
13 Apr, 2012 2:08:01 PM org.apache.catalina.startup.HostConfig deployWAR
INFO: Deploying web application archive promotionWS.war
13 Apr, 2012 2:08:04 PM com.sun.jersey.spi.spring.container.servlet.SpringServlet getContext
INFO: Using default applicationContext
13 Apr, 2012 2:08:04 PM com.sun.jersey.spi.spring.container.SpringComponentProviderFactory registerSpringBeans
INFO: Registering Spring bean, couponResource, of type com.fb.platform.promotion.coupon.CouponResource as a root resource class
13 Apr, 2012 2:08:04 PM com.sun.jersey.server.impl.application.WebApplicationImpl _initiate
INFO: Initiating Jersey application, version 'Jersey: 1.11-b04 12/03/2011 04:39 PM'
13 Apr, 2012 2:08:04 PM org.apache.catalina.startup.HostConfig deployWAR
INFO: Deploying web application archive userWS.war
13 Apr, 2012 2:08:07 PM com.sun.jersey.spi.spring.container.servlet.SpringServlet getContext
INFO: Using default applicationContext
13 Apr, 2012 2:08:07 PM com.sun.jersey.spi.spring.container.SpringComponentProviderFactory registerSpringBeans
INFO: Registering Spring bean, userPhoneResource, of type com.fb.platform.user.UserPhoneResource as a root resource class
13 Apr, 2012 2:08:07 PM com.sun.jersey.spi.spring.container.SpringComponentProviderFactory registerSpringBeans
INFO: Registering Spring bean, userEmailResource, of type com.fb.platform.user.UserEmailResource as a root resource class
13 Apr, 2012 2:08:07 PM com.sun.jersey.spi.spring.container.SpringComponentProviderFactory registerSpringBeans
INFO: Registering Spring bean, authResource, of type com.fb.platform.user.AuthResource as a root resource class
13 Apr, 2012 2:08:07 PM com.sun.jersey.spi.spring.container.SpringComponentProviderFactory registerSpringBeans
INFO: Registering Spring bean, userAddressResource, of type com.fb.platform.user.UserAddressResource as a root resource class
13 Apr, 2012 2:08:07 PM com.sun.jersey.spi.spring.container.SpringComponentProviderFactory registerSpringBeans
INFO: Registering Spring bean, userResource, of type com.fb.platform.user.UserResource as a root resource class
13 Apr, 2012 2:08:07 PM com.sun.jersey.spi.spring.container.SpringComponentProviderFactory registerSpringBeans
INFO: Registering Spring bean, userws, of type com.fb.platform.user.UserResource as a root resource class
13 Apr, 2012 2:08:07 PM com.sun.jersey.server.impl.application.WebApplicationImpl _initiate
INFO: Initiating Jersey application, version 'Jersey: 1.11-b04 12/03/2011 04:39 PM'
13 Apr, 2012 2:08:07 PM org.apache.catalina.startup.HostConfig deployDirectory
INFO: Deploying web application directory examples
13 Apr, 2012 2:08:08 PM org.apache.catalina.startup.HostConfig deployDirectory
INFO: Deploying web application directory docs
13 Apr, 2012 2:08:08 PM org.apache.catalina.startup.HostConfig deployDirectory
INFO: Deploying web application directory ROOT
13 Apr, 2012 2:08:08 PM org.apache.coyote.http11.Http11Protocol start
INFO: Starting Coyote HTTP/1.1 on http-8080
13 Apr, 2012 2:08:08 PM org.apache.jk.common.ChannelSocket init
INFO: JK: ajp13 listening on /0.0.0.0:8009
13 Apr, 2012 2:08:08 PM org.apache.jk.server.JkMain start
INFO: Jk running ID=0 time=0/21  config=null
13 Apr, 2012 2:08:08 PM org.apache.catalina.startup.Catalina start
INFO: Server startup in 7371 ms
13 Apr, 2012 2:10:48 PM org.apache.catalina.startup.HostConfig checkResources
INFO: Undeploying context [/userWS]
13 Apr, 2012 2:10:48 PM org.apache.catalina.loader.WebappClassLoader clearReferencesThreads
SEVERE: The web application [/userWS] appears to have started a thread named [net.sf.ehcache.CacheManager@11a4e5c0] but has failed to stop it. This is very likely to create a memory leak.
13 Apr, 2012 2:10:48 PM org.apache.catalina.loader.WebappClassLoader clearReferencesThreads
SEVERE: The web application [/userWS] appears to have started a thread named [promotionCache.data] but has failed to stop it. This is very likely to create a memory leak.
13 Apr, 2012 2:10:48 PM org.apache.catalina.loader.WebappClassLoader clearReferencesThreads
SEVERE: The web application [/userWS] appears to have started a thread named [ssoSessionCache.data] but has failed to stop it. This is very likely to create a memory leak.
13 Apr, 2012 2:10:48 PM org.apache.catalina.loader.WebappClassLoader clearReferencesThreads
SEVERE: The web application [/userWS] appears to have started a thread named [sessionCache.data] but has failed to stop it. This is very likely to create a memory leak.
13 Apr, 2012 2:10:48 PM org.apache.catalina.loader.WebappClassLoader clearReferencesThreads
SEVERE: The web application [/userWS] appears to have started a thread named [couponCache.data] but has failed to stop it. This is very likely to create a memory leak.
13 Apr, 2012 2:10:48 PM org.apache.catalina.loader.WebappClassLoader clearThreadLocalMap
SEVERE: The web application [/userWS] created a ThreadLocal with key of type [com.sun.xml.bind.v2.ClassFactory$1] (value [com.sun.xml.bind.v2.ClassFactory$1@27b7516d]) and a value of type [java.util.WeakHashMap] (value [{class javax.xml.bind.annotation.W3CDomHandler=java.lang.ref.WeakReference@58d67b44}]) but failed to remove it when the web application was stopped. This is very likely to create a memory leak.
13 Apr, 2012 2:10:48 PM org.apache.catalina.startup.HostConfig checkResources
INFO: Undeploying context [/promotionWS]
13 Apr, 2012 2:10:48 PM org.apache.catalina.loader.WebappClassLoader clearReferencesThreads
SEVERE: The web application [/promotionWS] appears to have started a thread named [net.sf.ehcache.CacheManager@4d41fc8c] but has failed to stop it. This is very likely to create a memory leak.
13 Apr, 2012 2:10:48 PM org.apache.catalina.loader.WebappClassLoader clearReferencesThreads
SEVERE: The web application [/promotionWS] appears to have started a thread named [sessionCache.data] but has failed to stop it. This is very likely to create a memory leak.
13 Apr, 2012 2:10:48 PM org.apache.catalina.loader.WebappClassLoader clearReferencesThreads
SEVERE: The web application [/promotionWS] appears to have started a thread named [promotionCache.data] but has failed to stop it. This is very likely to create a memory leak.
13 Apr, 2012 2:10:48 PM org.apache.catalina.loader.WebappClassLoader clearReferencesThreads
SEVERE: The web application [/promotionWS] appears to have started a thread named [couponCache.data] but has failed to stop it. This is very likely to create a memory leak.
13 Apr, 2012 2:10:48 PM org.apache.catalina.loader.WebappClassLoader clearReferencesThreads
SEVERE: The web application [/promotionWS] appears to have started a thread named [ssoSessionCache.data] but has failed to stop it. This is very likely to create a memory leak.
13 Apr, 2012 2:10:48 PM org.apache.catalina.loader.WebappClassLoader clearThreadLocalMap
SEVERE: The web application [/promotionWS] created a ThreadLocal with key of type [com.sun.xml.bind.v2.ClassFactory$1] (value [com.sun.xml.bind.v2.ClassFactory$1@49d67b41]) and a value of type [java.util.WeakHashMap] (value [{class javax.xml.bind.annotation.W3CDomHandler=java.lang.ref.WeakReference@20360e46}]) but failed to remove it when the web application was stopped. This is very likely to create a memory leak.
13 Apr, 2012 2:10:48 PM org.apache.catalina.startup.HostConfig deployWAR
INFO: Deploying web application archive promotionWS.war
13 Apr, 2012 2:10:50 PM com.sun.jersey.spi.spring.container.servlet.SpringServlet getContext
INFO: Using default applicationContext
13 Apr, 2012 2:10:50 PM com.sun.jersey.spi.spring.container.SpringComponentProviderFactory registerSpringBeans
INFO: Registering Spring bean, couponResource, of type com.fb.platform.promotion.coupon.CouponResource as a root resource class
13 Apr, 2012 2:10:50 PM com.sun.jersey.server.impl.application.WebApplicationImpl _initiate
INFO: Initiating Jersey application, version 'Jersey: 1.11-b04 12/03/2011 04:39 PM'
13 Apr, 2012 2:10:51 PM org.apache.catalina.startup.HostConfig deployWAR
INFO: Deploying web application archive userWS.war
13 Apr, 2012 2:10:52 PM com.sun.jersey.spi.spring.container.servlet.SpringServlet getContext
INFO: Using default applicationContext
13 Apr, 2012 2:10:52 PM com.sun.jersey.spi.spring.container.SpringComponentProviderFactory registerSpringBeans
INFO: Registering Spring bean, userPhoneResource, of type com.fb.platform.user.UserPhoneResource as a root resource class
13 Apr, 2012 2:10:52 PM com.sun.jersey.spi.spring.container.SpringComponentProviderFactory registerSpringBeans
INFO: Registering Spring bean, userEmailResource, of type com.fb.platform.user.UserEmailResource as a root resource class
13 Apr, 2012 2:10:52 PM com.sun.jersey.spi.spring.container.SpringComponentProviderFactory registerSpringBeans
INFO: Registering Spring bean, authResource, of type com.fb.platform.user.AuthResource as a root resource class
13 Apr, 2012 2:10:52 PM com.sun.jersey.spi.spring.container.SpringComponentProviderFactory registerSpringBeans
INFO: Registering Spring bean, userAddressResource, of type com.fb.platform.user.UserAddressResource as a root resource class
13 Apr, 2012 2:10:52 PM com.sun.jersey.spi.spring.container.SpringComponentProviderFactory registerSpringBeans
INFO: Registering Spring bean, userResource, of type com.fb.platform.user.UserResource as a root resource class
13 Apr, 2012 2:10:52 PM com.sun.jersey.spi.spring.container.SpringComponentProviderFactory registerSpringBeans
INFO: Registering Spring bean, userws, of type com.fb.platform.user.UserResource as a root resource class
13 Apr, 2012 2:10:52 PM com.sun.jersey.server.impl.application.WebApplicationImpl _initiate
INFO: Initiating Jersey application, version 'Jersey: 1.11-b04 12/03/2011 04:39 PM'
13 Apr, 2012 2:10:58 PM org.apache.coyote.http11.Http11Protocol pause
INFO: Pausing Coyote HTTP/1.1 on http-8080
13 Apr, 2012 2:10:59 PM org.apache.catalina.connector.Connector pause
SEVERE: Protocol handler pause failed
java.net.UnknownHostException: neha-Vostro-3550: neha-Vostro-3550
	at java.net.InetAddress.getLocalHost(InetAddress.java:1360)
	at org.apache.jk.common.ChannelSocket.unLockSocket(ChannelSocket.java:490)
	at org.apache.jk.common.ChannelSocket.pause(ChannelSocket.java:288)
	at org.apache.jk.server.JkMain.pause(JkMain.java:726)
	at org.apache.jk.server.JkCoyoteHandler.pause(JkCoyoteHandler.java:153)
	at org.apache.catalina.connector.Connector.pause(Connector.java:1037)
	at org.apache.catalina.core.StandardService.stop(StandardService.java:578)
	at org.apache.catalina.core.StandardServer.stop(StandardServer.java:788)
	at org.apache.catalina.startup.Catalina.stop(Catalina.java:662)
	at org.apache.catalina.startup.Catalina.start(Catalina.java:629)
	at sun.reflect.NativeMethodAccessorImpl.invoke0(Native Method)
	at sun.reflect.NativeMethodAccessorImpl.invoke(NativeMethodAccessorImpl.java:39)
	at sun.reflect.DelegatingMethodAccessorImpl.invoke(DelegatingMethodAccessorImpl.java:25)
	at java.lang.reflect.Method.invoke(Method.java:597)
	at org.apache.catalina.startup.Bootstrap.start(Bootstrap.java:289)
	at org.apache.catalina.startup.Bootstrap.main(Bootstrap.java:414)
13 Apr, 2012 2:11:00 PM org.apache.catalina.core.StandardService stop
INFO: Stopping service Catalina
13 Apr, 2012 2:11:00 PM org.apache.catalina.loader.WebappClassLoader clearReferencesThreads
SEVERE: The web application [/userWS] appears to have started a thread named [net.sf.ehcache.CacheManager@7c7c06ab] but has failed to stop it. This is very likely to create a memory leak.
13 Apr, 2012 2:11:00 PM org.apache.catalina.loader.WebappClassLoader clearReferencesThreads
SEVERE: The web application [/userWS] appears to have started a thread named [couponCache.data] but has failed to stop it. This is very likely to create a memory leak.
13 Apr, 2012 2:11:00 PM org.apache.catalina.loader.WebappClassLoader clearReferencesThreads
SEVERE: The web application [/userWS] appears to have started a thread named [sessionCache.data] but has failed to stop it. This is very likely to create a memory leak.
13 Apr, 2012 2:11:00 PM org.apache.catalina.loader.WebappClassLoader clearReferencesThreads
SEVERE: The web application [/userWS] appears to have started a thread named [promotionCache.data] but has failed to stop it. This is very likely to create a memory leak.
13 Apr, 2012 2:11:00 PM org.apache.catalina.loader.WebappClassLoader clearReferencesThreads
SEVERE: The web application [/userWS] appears to have started a thread named [ssoSessionCache.data] but has failed to stop it. This is very likely to create a memory leak.
13 Apr, 2012 2:11:00 PM org.apache.catalina.loader.WebappClassLoader clearReferencesThreads
SEVERE: The web application [/promotionWS] appears to have started a thread named [net.sf.ehcache.CacheManager@60e26ffd] but has failed to stop it. This is very likely to create a memory leak.
13 Apr, 2012 2:11:00 PM org.apache.catalina.loader.WebappClassLoader clearReferencesThreads
SEVERE: The web application [/promotionWS] appears to have started a thread named [couponCache.data] but has failed to stop it. This is very likely to create a memory leak.
13 Apr, 2012 2:11:00 PM org.apache.catalina.loader.WebappClassLoader clearReferencesThreads
SEVERE: The web application [/promotionWS] appears to have started a thread named [promotionCache.data] but has failed to stop it. This is very likely to create a memory leak.
13 Apr, 2012 2:11:00 PM org.apache.catalina.loader.WebappClassLoader clearReferencesThreads
SEVERE: The web application [/promotionWS] appears to have started a thread named [ssoSessionCache.data] but has failed to stop it. This is very likely to create a memory leak.
13 Apr, 2012 2:11:00 PM org.apache.catalina.loader.WebappClassLoader clearReferencesThreads
SEVERE: The web application [/promotionWS] appears to have started a thread named [sessionCache.data] but has failed to stop it. This is very likely to create a memory leak.
13 Apr, 2012 2:11:00 PM org.apache.coyote.http11.Http11Protocol destroy
INFO: Stopping Coyote HTTP/1.1 on http-8080
13 Apr, 2012 2:11:04 PM org.apache.catalina.core.AprLifecycleListener init
INFO: The APR based Apache Tomcat Native library which allows optimal performance in production environments was not found on the java.library.path: /home/nehaga/tools/jvm/jdk1.6.0_31/jre/lib/amd64/server:/home/nehaga/tools/jvm/jdk1.6.0_31/jre/lib/amd64:/home/nehaga/tools/jvm/jdk1.6.0_31/jre/../lib/amd64:/usr/java/packages/lib/amd64:/usr/lib64:/lib64:/lib:/usr/lib
13 Apr, 2012 2:11:04 PM org.apache.coyote.http11.Http11Protocol init
INFO: Initializing Coyote HTTP/1.1 on http-8080
13 Apr, 2012 2:11:04 PM org.apache.catalina.startup.Catalina load
INFO: Initialization processed in 597 ms
13 Apr, 2012 2:11:04 PM org.apache.catalina.core.StandardService start
INFO: Starting service Catalina
13 Apr, 2012 2:11:04 PM org.apache.catalina.core.StandardEngine start
INFO: Starting Servlet Engine: Apache Tomcat/6.0.33
13 Apr, 2012 2:11:04 PM org.apache.catalina.startup.HostConfig deployDescriptor
INFO: Deploying configuration descriptor manager.xml
13 Apr, 2012 2:11:05 PM org.apache.catalina.startup.HostConfig deployDescriptor
INFO: Deploying configuration descriptor host-manager.xml
13 Apr, 2012 2:11:05 PM org.apache.catalina.startup.HostConfig deployWAR
INFO: Deploying web application archive promotionWS.war
13 Apr, 2012 2:11:08 PM com.sun.jersey.spi.spring.container.servlet.SpringServlet getContext
INFO: Using default applicationContext
13 Apr, 2012 2:11:08 PM com.sun.jersey.spi.spring.container.SpringComponentProviderFactory registerSpringBeans
INFO: Registering Spring bean, couponResource, of type com.fb.platform.promotion.coupon.CouponResource as a root resource class
13 Apr, 2012 2:11:08 PM com.sun.jersey.server.impl.application.WebApplicationImpl _initiate
INFO: Initiating Jersey application, version 'Jersey: 1.11-b04 12/03/2011 04:39 PM'
13 Apr, 2012 2:11:09 PM org.apache.catalina.startup.HostConfig deployWAR
INFO: Deploying web application archive userWS.war
13 Apr, 2012 2:11:11 PM com.sun.jersey.spi.spring.container.servlet.SpringServlet getContext
INFO: Using default applicationContext
13 Apr, 2012 2:11:11 PM com.sun.jersey.spi.spring.container.SpringComponentProviderFactory registerSpringBeans
INFO: Registering Spring bean, userPhoneResource, of type com.fb.platform.user.UserPhoneResource as a root resource class
13 Apr, 2012 2:11:11 PM com.sun.jersey.spi.spring.container.SpringComponentProviderFactory registerSpringBeans
INFO: Registering Spring bean, userEmailResource, of type com.fb.platform.user.UserEmailResource as a root resource class
13 Apr, 2012 2:11:11 PM com.sun.jersey.spi.spring.container.SpringComponentProviderFactory registerSpringBeans
INFO: Registering Spring bean, authResource, of type com.fb.platform.user.AuthResource as a root resource class
13 Apr, 2012 2:11:11 PM com.sun.jersey.spi.spring.container.SpringComponentProviderFactory registerSpringBeans
INFO: Registering Spring bean, userAddressResource, of type com.fb.platform.user.UserAddressResource as a root resource class
13 Apr, 2012 2:11:11 PM com.sun.jersey.spi.spring.container.SpringComponentProviderFactory registerSpringBeans
INFO: Registering Spring bean, userResource, of type com.fb.platform.user.UserResource as a root resource class
13 Apr, 2012 2:11:11 PM com.sun.jersey.spi.spring.container.SpringComponentProviderFactory registerSpringBeans
INFO: Registering Spring bean, userws, of type com.fb.platform.user.UserResource as a root resource class
13 Apr, 2012 2:11:11 PM com.sun.jersey.server.impl.application.WebApplicationImpl _initiate
INFO: Initiating Jersey application, version 'Jersey: 1.11-b04 12/03/2011 04:39 PM'
13 Apr, 2012 2:11:11 PM org.apache.catalina.startup.HostConfig deployDirectory
INFO: Deploying web application directory examples
13 Apr, 2012 2:11:11 PM org.apache.catalina.startup.HostConfig deployDirectory
INFO: Deploying web application directory docs
13 Apr, 2012 2:11:11 PM org.apache.catalina.startup.HostConfig deployDirectory
INFO: Deploying web application directory ROOT
13 Apr, 2012 2:11:11 PM org.apache.coyote.http11.Http11Protocol start
INFO: Starting Coyote HTTP/1.1 on http-8080
13 Apr, 2012 2:11:11 PM org.apache.jk.common.ChannelSocket init
INFO: JK: ajp13 listening on /0.0.0.0:8009
13 Apr, 2012 2:11:11 PM org.apache.jk.server.JkMain start
INFO: Jk running ID=0 time=0/21  config=null
13 Apr, 2012 2:11:11 PM org.apache.catalina.startup.Catalina start
INFO: Server startup in 7138 ms
13 Apr, 2012 2:12:41 PM org.apache.coyote.http11.Http11Protocol pause
INFO: Pausing Coyote HTTP/1.1 on http-8080
13 Apr, 2012 2:12:41 PM org.apache.catalina.connector.Connector pause
SEVERE: Protocol handler pause failed
java.net.UnknownHostException: neha-Vostro-3550: neha-Vostro-3550
	at java.net.InetAddress.getLocalHost(InetAddress.java:1360)
	at org.apache.jk.common.ChannelSocket.unLockSocket(ChannelSocket.java:490)
	at org.apache.jk.common.ChannelSocket.pause(ChannelSocket.java:288)
	at org.apache.jk.server.JkMain.pause(JkMain.java:726)
	at org.apache.jk.server.JkCoyoteHandler.pause(JkCoyoteHandler.java:153)
	at org.apache.catalina.connector.Connector.pause(Connector.java:1037)
	at org.apache.catalina.core.StandardService.stop(StandardService.java:578)
	at org.apache.catalina.core.StandardServer.stop(StandardServer.java:788)
	at org.apache.catalina.startup.Catalina.stop(Catalina.java:662)
	at org.apache.catalina.startup.Catalina.start(Catalina.java:629)
	at sun.reflect.NativeMethodAccessorImpl.invoke0(Native Method)
	at sun.reflect.NativeMethodAccessorImpl.invoke(NativeMethodAccessorImpl.java:39)
	at sun.reflect.DelegatingMethodAccessorImpl.invoke(DelegatingMethodAccessorImpl.java:25)
	at java.lang.reflect.Method.invoke(Method.java:597)
	at org.apache.catalina.startup.Bootstrap.start(Bootstrap.java:289)
	at org.apache.catalina.startup.Bootstrap.main(Bootstrap.java:414)
13 Apr, 2012 2:12:41 PM org.apache.catalina.startup.HostConfig checkResources
INFO: Undeploying context [/userWS]
13 Apr, 2012 2:12:41 PM org.apache.catalina.loader.WebappClassLoader clearReferencesThreads
SEVERE: The web application [/userWS] appears to have started a thread named [net.sf.ehcache.CacheManager@45542c06] but has failed to stop it. This is very likely to create a memory leak.
13 Apr, 2012 2:12:41 PM org.apache.catalina.loader.WebappClassLoader clearReferencesThreads
SEVERE: The web application [/userWS] appears to have started a thread named [sessionCache.data] but has failed to stop it. This is very likely to create a memory leak.
13 Apr, 2012 2:12:41 PM org.apache.catalina.loader.WebappClassLoader clearReferencesThreads
SEVERE: The web application [/userWS] appears to have started a thread named [couponCache.data] but has failed to stop it. This is very likely to create a memory leak.
13 Apr, 2012 2:12:41 PM org.apache.catalina.loader.WebappClassLoader clearReferencesThreads
SEVERE: The web application [/userWS] appears to have started a thread named [promotionCache.data] but has failed to stop it. This is very likely to create a memory leak.
13 Apr, 2012 2:12:41 PM org.apache.catalina.loader.WebappClassLoader clearReferencesThreads
SEVERE: The web application [/userWS] appears to have started a thread named [ssoSessionCache.data] but has failed to stop it. This is very likely to create a memory leak.
13 Apr, 2012 2:12:41 PM org.apache.catalina.loader.WebappClassLoader clearThreadLocalMap
SEVERE: The web application [/userWS] created a ThreadLocal with key of type [com.sun.xml.bind.v2.ClassFactory$1] (value [com.sun.xml.bind.v2.ClassFactory$1@7dabf7cb]) and a value of type [java.util.WeakHashMap] (value [{class javax.xml.bind.annotation.W3CDomHandler=java.lang.ref.WeakReference@b6c31dc}]) but failed to remove it when the web application was stopped. This is very likely to create a memory leak.
13 Apr, 2012 2:12:42 PM org.apache.catalina.startup.HostConfig checkResources
INFO: Undeploying context [/promotionWS]
13 Apr, 2012 2:12:42 PM org.apache.catalina.loader.WebappClassLoader clearReferencesThreads
SEVERE: The web application [/promotionWS] appears to have started a thread named [net.sf.ehcache.CacheManager@2ac9f93f] but has failed to stop it. This is very likely to create a memory leak.
13 Apr, 2012 2:12:42 PM org.apache.catalina.loader.WebappClassLoader clearReferencesThreads
SEVERE: The web application [/promotionWS] appears to have started a thread named [promotionCache.data] but has failed to stop it. This is very likely to create a memory leak.
13 Apr, 2012 2:12:42 PM org.apache.catalina.loader.WebappClassLoader clearReferencesThreads
SEVERE: The web application [/promotionWS] appears to have started a thread named [couponCache.data] but has failed to stop it. This is very likely to create a memory leak.
13 Apr, 2012 2:12:42 PM org.apache.catalina.loader.WebappClassLoader clearReferencesThreads
SEVERE: The web application [/promotionWS] appears to have started a thread named [sessionCache.data] but has failed to stop it. This is very likely to create a memory leak.
13 Apr, 2012 2:12:42 PM org.apache.catalina.loader.WebappClassLoader clearReferencesThreads
SEVERE: The web application [/promotionWS] appears to have started a thread named [ssoSessionCache.data] but has failed to stop it. This is very likely to create a memory leak.
13 Apr, 2012 2:12:42 PM org.apache.catalina.loader.WebappClassLoader clearThreadLocalMap
SEVERE: The web application [/promotionWS] created a ThreadLocal with key of type [com.sun.xml.bind.v2.ClassFactory$1] (value [com.sun.xml.bind.v2.ClassFactory$1@401a7a05]) and a value of type [java.util.WeakHashMap] (value [{class javax.xml.bind.annotation.W3CDomHandler=java.lang.ref.WeakReference@a40ff24}]) but failed to remove it when the web application was stopped. This is very likely to create a memory leak.
13 Apr, 2012 2:12:42 PM org.apache.catalina.startup.HostConfig deployWAR
INFO: Deploying web application archive promotionWS.war
13 Apr, 2012 2:12:42 PM org.apache.catalina.core.StandardService stop
INFO: Stopping service Catalina
13 Apr, 2012 2:12:43 PM com.sun.jersey.spi.spring.container.servlet.SpringServlet getContext
INFO: Using default applicationContext
13 Apr, 2012 2:12:43 PM com.sun.jersey.spi.spring.container.SpringComponentProviderFactory registerSpringBeans
INFO: Registering Spring bean, couponResource, of type com.fb.platform.promotion.coupon.CouponResource as a root resource class
13 Apr, 2012 2:12:43 PM com.sun.jersey.server.impl.application.WebApplicationImpl _initiate
INFO: Initiating Jersey application, version 'Jersey: 1.11-b04 12/03/2011 04:39 PM'
13 Apr, 2012 2:12:44 PM org.apache.catalina.startup.HostConfig deployWAR
INFO: Deploying web application archive userWS.war
13 Apr, 2012 2:12:46 PM com.sun.jersey.spi.spring.container.servlet.SpringServlet getContext
INFO: Using default applicationContext
13 Apr, 2012 2:12:46 PM com.sun.jersey.spi.spring.container.SpringComponentProviderFactory registerSpringBeans
INFO: Registering Spring bean, userPhoneResource, of type com.fb.platform.user.UserPhoneResource as a root resource class
13 Apr, 2012 2:12:46 PM com.sun.jersey.spi.spring.container.SpringComponentProviderFactory registerSpringBeans
INFO: Registering Spring bean, userEmailResource, of type com.fb.platform.user.UserEmailResource as a root resource class
13 Apr, 2012 2:12:46 PM com.sun.jersey.spi.spring.container.SpringComponentProviderFactory registerSpringBeans
INFO: Registering Spring bean, authResource, of type com.fb.platform.user.AuthResource as a root resource class
13 Apr, 2012 2:12:46 PM com.sun.jersey.spi.spring.container.SpringComponentProviderFactory registerSpringBeans
INFO: Registering Spring bean, userAddressResource, of type com.fb.platform.user.UserAddressResource as a root resource class
13 Apr, 2012 2:12:46 PM com.sun.jersey.spi.spring.container.SpringComponentProviderFactory registerSpringBeans
INFO: Registering Spring bean, userResource, of type com.fb.platform.user.UserResource as a root resource class
13 Apr, 2012 2:12:46 PM com.sun.jersey.spi.spring.container.SpringComponentProviderFactory registerSpringBeans
INFO: Registering Spring bean, userws, of type com.fb.platform.user.UserResource as a root resource class
13 Apr, 2012 2:12:46 PM com.sun.jersey.server.impl.application.WebApplicationImpl _initiate
INFO: Initiating Jersey application, version 'Jersey: 1.11-b04 12/03/2011 04:39 PM'
13 Apr, 2012 2:12:46 PM org.apache.catalina.core.AprLifecycleListener init
INFO: The APR based Apache Tomcat Native library which allows optimal performance in production environments was not found on the java.library.path: /home/nehaga/tools/jvm/jdk1.6.0_31/jre/lib/amd64/server:/home/nehaga/tools/jvm/jdk1.6.0_31/jre/lib/amd64:/home/nehaga/tools/jvm/jdk1.6.0_31/jre/../lib/amd64:/usr/java/packages/lib/amd64:/usr/lib64:/lib64:/lib:/usr/lib
13 Apr, 2012 2:12:47 PM org.apache.coyote.http11.Http11Protocol init
INFO: Initializing Coyote HTTP/1.1 on http-8080
13 Apr, 2012 2:12:47 PM org.apache.catalina.startup.Catalina load
INFO: Initialization processed in 574 ms
13 Apr, 2012 2:12:47 PM org.apache.catalina.core.StandardService start
INFO: Starting service Catalina
13 Apr, 2012 2:12:47 PM org.apache.catalina.core.StandardEngine start
INFO: Starting Servlet Engine: Apache Tomcat/6.0.33
13 Apr, 2012 2:12:47 PM org.apache.catalina.startup.HostConfig deployDescriptor
INFO: Deploying configuration descriptor manager.xml
13 Apr, 2012 2:12:47 PM org.apache.catalina.startup.HostConfig deployDescriptor
INFO: Deploying configuration descriptor host-manager.xml
13 Apr, 2012 2:12:47 PM org.apache.catalina.startup.HostConfig deployWAR
INFO: Deploying web application archive promotionWS.war
13 Apr, 2012 2:12:50 PM com.sun.jersey.spi.spring.container.servlet.SpringServlet getContext
INFO: Using default applicationContext
13 Apr, 2012 2:12:50 PM com.sun.jersey.spi.spring.container.SpringComponentProviderFactory registerSpringBeans
INFO: Registering Spring bean, couponResource, of type com.fb.platform.promotion.coupon.CouponResource as a root resource class
13 Apr, 2012 2:12:50 PM com.sun.jersey.server.impl.application.WebApplicationImpl _initiate
INFO: Initiating Jersey application, version 'Jersey: 1.11-b04 12/03/2011 04:39 PM'
13 Apr, 2012 2:12:51 PM org.apache.catalina.startup.HostConfig deployWAR
INFO: Deploying web application archive userWS.war
13 Apr, 2012 2:12:53 PM com.sun.jersey.spi.spring.container.servlet.SpringServlet getContext
INFO: Using default applicationContext
13 Apr, 2012 2:12:53 PM com.sun.jersey.spi.spring.container.SpringComponentProviderFactory registerSpringBeans
INFO: Registering Spring bean, userPhoneResource, of type com.fb.platform.user.UserPhoneResource as a root resource class
13 Apr, 2012 2:12:53 PM com.sun.jersey.spi.spring.container.SpringComponentProviderFactory registerSpringBeans
INFO: Registering Spring bean, userEmailResource, of type com.fb.platform.user.UserEmailResource as a root resource class
13 Apr, 2012 2:12:53 PM com.sun.jersey.spi.spring.container.SpringComponentProviderFactory registerSpringBeans
INFO: Registering Spring bean, authResource, of type com.fb.platform.user.AuthResource as a root resource class
13 Apr, 2012 2:12:53 PM com.sun.jersey.spi.spring.container.SpringComponentProviderFactory registerSpringBeans
INFO: Registering Spring bean, userAddressResource, of type com.fb.platform.user.UserAddressResource as a root resource class
13 Apr, 2012 2:12:53 PM com.sun.jersey.spi.spring.container.SpringComponentProviderFactory registerSpringBeans
INFO: Registering Spring bean, userResource, of type com.fb.platform.user.UserResource as a root resource class
13 Apr, 2012 2:12:53 PM com.sun.jersey.spi.spring.container.SpringComponentProviderFactory registerSpringBeans
INFO: Registering Spring bean, userws, of type com.fb.platform.user.UserResource as a root resource class
13 Apr, 2012 2:12:53 PM com.sun.jersey.server.impl.application.WebApplicationImpl _initiate
INFO: Initiating Jersey application, version 'Jersey: 1.11-b04 12/03/2011 04:39 PM'
13 Apr, 2012 2:12:53 PM org.apache.catalina.startup.HostConfig deployDirectory
INFO: Deploying web application directory examples
13 Apr, 2012 2:12:53 PM org.apache.catalina.startup.HostConfig deployDirectory
INFO: Deploying web application directory docs
13 Apr, 2012 2:12:53 PM org.apache.catalina.startup.HostConfig deployDirectory
INFO: Deploying web application directory ROOT
13 Apr, 2012 2:12:53 PM org.apache.coyote.http11.Http11Protocol start
INFO: Starting Coyote HTTP/1.1 on http-8080
13 Apr, 2012 2:12:53 PM org.apache.jk.common.ChannelSocket init
INFO: JK: ajp13 listening on /0.0.0.0:8009
13 Apr, 2012 2:12:53 PM org.apache.jk.server.JkMain start
INFO: Jk running ID=0 time=0/15  config=null
13 Apr, 2012 2:12:53 PM org.apache.catalina.startup.Catalina start
INFO: Server startup in 6503 ms
13 Apr, 2012 3:42:49 PM org.apache.catalina.core.StandardServer await
WARNING: StandardServer.await: Invalid command 'stop' received
13 Apr, 2012 3:43:01 PM org.apache.coyote.http11.Http11Protocol pause
INFO: Pausing Coyote HTTP/1.1 on http-8080
13 Apr, 2012 3:43:01 PM org.apache.catalina.connector.Connector pause
SEVERE: Protocol handler pause failed
java.net.UnknownHostException: neha-Vostro-3550: neha-Vostro-3550
	at java.net.InetAddress.getLocalHost(InetAddress.java:1360)
	at org.apache.jk.common.ChannelSocket.unLockSocket(ChannelSocket.java:490)
	at org.apache.jk.common.ChannelSocket.pause(ChannelSocket.java:288)
	at org.apache.jk.server.JkMain.pause(JkMain.java:726)
	at org.apache.jk.server.JkCoyoteHandler.pause(JkCoyoteHandler.java:153)
	at org.apache.catalina.connector.Connector.pause(Connector.java:1037)
	at org.apache.catalina.core.StandardService.stop(StandardService.java:578)
	at org.apache.catalina.core.StandardServer.stop(StandardServer.java:788)
	at org.apache.catalina.startup.Catalina.stop(Catalina.java:662)
	at org.apache.catalina.startup.Catalina.start(Catalina.java:629)
	at sun.reflect.NativeMethodAccessorImpl.invoke0(Native Method)
	at sun.reflect.NativeMethodAccessorImpl.invoke(NativeMethodAccessorImpl.java:39)
	at sun.reflect.DelegatingMethodAccessorImpl.invoke(DelegatingMethodAccessorImpl.java:25)
	at java.lang.reflect.Method.invoke(Method.java:597)
	at org.apache.catalina.startup.Bootstrap.start(Bootstrap.java:289)
	at org.apache.catalina.startup.Bootstrap.main(Bootstrap.java:414)
13 Apr, 2012 3:43:02 PM org.apache.catalina.core.StandardService stop
INFO: Stopping service Catalina
13 Apr, 2012 3:43:02 PM org.apache.catalina.loader.WebappClassLoader clearReferencesThreads
SEVERE: The web application [/userWS] appears to have started a thread named [net.sf.ehcache.CacheManager@6924181b] but has failed to stop it. This is very likely to create a memory leak.
13 Apr, 2012 3:43:02 PM org.apache.catalina.loader.WebappClassLoader clearReferencesThreads
SEVERE: The web application [/userWS] appears to have started a thread named [ssoSessionCache.data] but has failed to stop it. This is very likely to create a memory leak.
13 Apr, 2012 3:43:02 PM org.apache.catalina.loader.WebappClassLoader clearReferencesThreads
SEVERE: The web application [/userWS] appears to have started a thread named [promotionCache.data] but has failed to stop it. This is very likely to create a memory leak.
13 Apr, 2012 3:43:02 PM org.apache.catalina.loader.WebappClassLoader clearReferencesThreads
SEVERE: The web application [/userWS] appears to have started a thread named [couponCache.data] but has failed to stop it. This is very likely to create a memory leak.
13 Apr, 2012 3:43:02 PM org.apache.catalina.loader.WebappClassLoader clearReferencesThreads
SEVERE: The web application [/userWS] appears to have started a thread named [sessionCache.data] but has failed to stop it. This is very likely to create a memory leak.
13 Apr, 2012 3:43:02 PM org.apache.catalina.loader.WebappClassLoader clearReferencesThreads
SEVERE: The web application [/userWS] appears to have started a thread named [MySQL Statement Cancellation Timer] but has failed to stop it. This is very likely to create a memory leak.
13 Apr, 2012 3:43:02 PM org.apache.catalina.loader.WebappClassLoader clearThreadLocalMap
SEVERE: The web application [/userWS] created a ThreadLocal with key of type [com.sun.xml.bind.v2.ClassFactory$1] (value [com.sun.xml.bind.v2.ClassFactory$1@58bf7b3e]) and a value of type [java.util.WeakHashMap] (value [{class javax.xml.bind.annotation.W3CDomHandler=java.lang.ref.WeakReference@784f349b}]) but failed to remove it when the web application was stopped. This is very likely to create a memory leak.
13 Apr, 2012 3:43:02 PM org.apache.catalina.loader.WebappClassLoader clearThreadLocalMap
SEVERE: The web application [/userWS] created a ThreadLocal with key of type [com.sun.xml.bind.v2.runtime.Coordinator$1] (value [com.sun.xml.bind.v2.runtime.Coordinator$1@1806e9d2]) and a value of type [java.lang.Object[]] (value [[Ljava.lang.Object;@6de0e650]) but failed to remove it when the web application was stopped. This is very likely to create a memory leak.
13 Apr, 2012 3:43:02 PM org.apache.catalina.loader.WebappClassLoader clearThreadLocalMap
SEVERE: The web application [/userWS] created a ThreadLocal with key of type [com.sun.xml.bind.v2.ClassFactory$1] (value [com.sun.xml.bind.v2.ClassFactory$1@58bf7b3e]) and a value of type [java.util.WeakHashMap] (value [{class com.fb.platform.auth._1_0.LoginRequest=java.lang.ref.WeakReference@4830c68b}]) but failed to remove it when the web application was stopped. This is very likely to create a memory leak.
13 Apr, 2012 3:43:02 PM org.apache.catalina.loader.WebappClassLoader clearThreadLocalMap
SEVERE: The web application [/userWS] created a ThreadLocal with key of type [com.sun.xml.bind.v2.runtime.Coordinator$1] (value [com.sun.xml.bind.v2.runtime.Coordinator$1@1806e9d2]) and a value of type [java.lang.Object[]] (value [[Ljava.lang.Object;@7a3af4b3]) but failed to remove it when the web application was stopped. This is very likely to create a memory leak.
13 Apr, 2012 3:43:02 PM org.apache.catalina.loader.WebappClassLoader clearThreadLocalMap
SEVERE: The web application [/userWS] created a ThreadLocal with key of type [com.sun.xml.bind.v2.ClassFactory$1] (value [com.sun.xml.bind.v2.ClassFactory$1@58bf7b3e]) and a value of type [java.util.WeakHashMap] (value [{class com.fb.platform.auth._1_0.LogoutRequest=java.lang.ref.WeakReference@34975276}]) but failed to remove it when the web application was stopped. This is very likely to create a memory leak.
13 Apr, 2012 3:43:03 PM org.apache.catalina.loader.WebappClassLoader clearReferencesThreads
SEVERE: The web application [/promotionWS] appears to have started a thread named [net.sf.ehcache.CacheManager@4a8fc7a7] but has failed to stop it. This is very likely to create a memory leak.
13 Apr, 2012 3:43:03 PM org.apache.catalina.loader.WebappClassLoader clearReferencesThreads
SEVERE: The web application [/promotionWS] appears to have started a thread named [ssoSessionCache.data] but has failed to stop it. This is very likely to create a memory leak.
13 Apr, 2012 3:43:03 PM org.apache.catalina.loader.WebappClassLoader clearReferencesThreads
SEVERE: The web application [/promotionWS] appears to have started a thread named [promotionCache.data] but has failed to stop it. This is very likely to create a memory leak.
13 Apr, 2012 3:43:03 PM org.apache.catalina.loader.WebappClassLoader clearReferencesThreads
SEVERE: The web application [/promotionWS] appears to have started a thread named [couponCache.data] but has failed to stop it. This is very likely to create a memory leak.
13 Apr, 2012 3:43:03 PM org.apache.catalina.loader.WebappClassLoader clearReferencesThreads
SEVERE: The web application [/promotionWS] appears to have started a thread named [sessionCache.data] but has failed to stop it. This is very likely to create a memory leak.
13 Apr, 2012 3:43:03 PM org.apache.catalina.loader.WebappClassLoader clearThreadLocalMap
SEVERE: The web application [/promotionWS] created a ThreadLocal with key of type [com.sun.xml.bind.v2.ClassFactory$1] (value [com.sun.xml.bind.v2.ClassFactory$1@5ee041be]) and a value of type [java.util.WeakHashMap] (value [{class javax.xml.bind.annotation.W3CDomHandler=java.lang.ref.WeakReference@54fc519b}]) but failed to remove it when the web application was stopped. This is very likely to create a memory leak.
13 Apr, 2012 3:43:03 PM org.apache.catalina.loader.WebappClassLoader clearThreadLocalMap
SEVERE: The web application [/promotionWS] created a ThreadLocal with key of type [com.sun.xml.bind.v2.runtime.Coordinator$1] (value [com.sun.xml.bind.v2.runtime.Coordinator$1@151c2b4]) and a value of type [java.lang.Object[]] (value [[Ljava.lang.Object;@1ec5b819]) but failed to remove it when the web application was stopped. This is very likely to create a memory leak.
13 Apr, 2012 3:43:03 PM org.apache.catalina.loader.WebappClassLoader clearThreadLocalMap
SEVERE: The web application [/promotionWS] created a ThreadLocal with key of type [com.sun.xml.bind.v2.ClassFactory$1] (value [com.sun.xml.bind.v2.ClassFactory$1@5ee041be]) and a value of type [java.util.WeakHashMap] (value [{class com.fb.platform.promotion._1_0.OrderItem=java.lang.ref.WeakReference@46b98117, class com.fb.platform.promotion._1_0.ApplyCouponRequest=java.lang.ref.WeakReference@3cca3147, class java.util.ArrayList=java.lang.ref.WeakReference@7e694b7e, class com.fb.platform.promotion._1_0.Product=java.lang.ref.WeakReference@32db7e08, class com.fb.platform.promotion._1_0.OrderRequest=java.lang.ref.WeakReference@682f594d}]) but failed to remove it when the web application was stopped. This is very likely to create a memory leak.
13 Apr, 2012 3:43:03 PM org.apache.catalina.loader.WebappClassLoader clearThreadLocalMap
SEVERE: The web application [/promotionWS] created a ThreadLocal with key of type [com.sun.xml.bind.v2.runtime.Coordinator$1] (value [com.sun.xml.bind.v2.runtime.Coordinator$1@151c2b4]) and a value of type [java.lang.Object[]] (value [[Ljava.lang.Object;@7c9003aa]) but failed to remove it when the web application was stopped. This is very likely to create a memory leak.
13 Apr, 2012 3:43:03 PM org.apache.catalina.loader.WebappClassLoader clearThreadLocalMap
SEVERE: The web application [/promotionWS] created a ThreadLocal with key of type [com.sun.xml.bind.v2.ClassFactory$1] (value [com.sun.xml.bind.v2.ClassFactory$1@5ee041be]) and a value of type [java.util.WeakHashMap] (value [{class com.fb.platform.promotion._1_0.CommitCouponRequest=java.lang.ref.WeakReference@52e0cdc9}]) but failed to remove it when the web application was stopped. This is very likely to create a memory leak.
13 Apr, 2012 3:43:03 PM org.apache.catalina.loader.WebappClassLoader clearThreadLocalMap
SEVERE: The web application [/promotionWS] created a ThreadLocal with key of type [com.sun.xml.bind.v2.runtime.Coordinator$1] (value [com.sun.xml.bind.v2.runtime.Coordinator$1@151c2b4]) and a value of type [java.lang.Object[]] (value [[Ljava.lang.Object;@24e671a1]) but failed to remove it when the web application was stopped. This is very likely to create a memory leak.
13 Apr, 2012 3:43:03 PM org.apache.catalina.loader.WebappClassLoader clearThreadLocalMap
SEVERE: The web application [/promotionWS] created a ThreadLocal with key of type [com.sun.xml.bind.v2.ClassFactory$1] (value [com.sun.xml.bind.v2.ClassFactory$1@5ee041be]) and a value of type [java.util.WeakHashMap] (value [{class com.fb.platform.promotion._1_0.ReleaseCouponRequest=java.lang.ref.WeakReference@152e13f4}]) but failed to remove it when the web application was stopped. This is very likely to create a memory leak.
13 Apr, 2012 3:43:03 PM org.apache.coyote.http11.Http11Protocol destroy
INFO: Stopping Coyote HTTP/1.1 on http-8080
13 Apr, 2012 3:43:07 PM org.apache.catalina.core.AprLifecycleListener init
INFO: The APR based Apache Tomcat Native library which allows optimal performance in production environments was not found on the java.library.path: /home/nehaga/tools/jvm/jdk1.6.0_31/jre/lib/amd64/server:/home/nehaga/tools/jvm/jdk1.6.0_31/jre/lib/amd64:/home/nehaga/tools/jvm/jdk1.6.0_31/jre/../lib/amd64:/usr/java/packages/lib/amd64:/usr/lib64:/lib64:/lib:/usr/lib
13 Apr, 2012 3:43:07 PM org.apache.coyote.http11.Http11Protocol init
INFO: Initializing Coyote HTTP/1.1 on http-8080
13 Apr, 2012 3:43:07 PM org.apache.catalina.startup.Catalina load
INFO: Initialization processed in 651 ms
13 Apr, 2012 3:43:07 PM org.apache.catalina.core.StandardService start
INFO: Starting service Catalina
13 Apr, 2012 3:43:07 PM org.apache.catalina.core.StandardEngine start
INFO: Starting Servlet Engine: Apache Tomcat/6.0.33
13 Apr, 2012 3:43:07 PM org.apache.catalina.startup.HostConfig deployDescriptor
INFO: Deploying configuration descriptor manager.xml
13 Apr, 2012 3:43:07 PM org.apache.catalina.startup.HostConfig deployDescriptor
INFO: Deploying configuration descriptor host-manager.xml
13 Apr, 2012 3:43:08 PM org.apache.catalina.startup.HostConfig deployWAR
INFO: Deploying web application archive promotionWS.war
13 Apr, 2012 3:43:10 PM com.sun.jersey.spi.spring.container.servlet.SpringServlet getContext
INFO: Using default applicationContext
13 Apr, 2012 3:43:10 PM com.sun.jersey.spi.spring.container.SpringComponentProviderFactory registerSpringBeans
INFO: Registering Spring bean, couponResource, of type com.fb.platform.promotion.coupon.CouponResource as a root resource class
13 Apr, 2012 3:43:10 PM com.sun.jersey.server.impl.application.WebApplicationImpl _initiate
INFO: Initiating Jersey application, version 'Jersey: 1.11-b04 12/03/2011 04:39 PM'
13 Apr, 2012 3:43:11 PM org.apache.catalina.startup.HostConfig deployWAR
INFO: Deploying web application archive userWS.war
13 Apr, 2012 3:43:13 PM com.sun.jersey.spi.spring.container.servlet.SpringServlet getContext
INFO: Using default applicationContext
13 Apr, 2012 3:43:13 PM com.sun.jersey.spi.spring.container.SpringComponentProviderFactory registerSpringBeans
INFO: Registering Spring bean, userPhoneResource, of type com.fb.platform.user.UserPhoneResource as a root resource class
13 Apr, 2012 3:43:13 PM com.sun.jersey.spi.spring.container.SpringComponentProviderFactory registerSpringBeans
INFO: Registering Spring bean, userEmailResource, of type com.fb.platform.user.UserEmailResource as a root resource class
13 Apr, 2012 3:43:13 PM com.sun.jersey.spi.spring.container.SpringComponentProviderFactory registerSpringBeans
INFO: Registering Spring bean, authResource, of type com.fb.platform.user.AuthResource as a root resource class
13 Apr, 2012 3:43:13 PM com.sun.jersey.spi.spring.container.SpringComponentProviderFactory registerSpringBeans
INFO: Registering Spring bean, userAddressResource, of type com.fb.platform.user.UserAddressResource as a root resource class
13 Apr, 2012 3:43:13 PM com.sun.jersey.spi.spring.container.SpringComponentProviderFactory registerSpringBeans
INFO: Registering Spring bean, userResource, of type com.fb.platform.user.UserResource as a root resource class
13 Apr, 2012 3:43:13 PM com.sun.jersey.spi.spring.container.SpringComponentProviderFactory registerSpringBeans
INFO: Registering Spring bean, userws, of type com.fb.platform.user.UserResource as a root resource class
13 Apr, 2012 3:43:13 PM com.sun.jersey.server.impl.application.WebApplicationImpl _initiate
INFO: Initiating Jersey application, version 'Jersey: 1.11-b04 12/03/2011 04:39 PM'
13 Apr, 2012 3:43:14 PM org.apache.catalina.startup.HostConfig deployDirectory
INFO: Deploying web application directory examples
13 Apr, 2012 3:43:14 PM org.apache.catalina.startup.HostConfig deployDirectory
INFO: Deploying web application directory docs
13 Apr, 2012 3:43:14 PM org.apache.catalina.startup.HostConfig deployDirectory
INFO: Deploying web application directory ROOT
13 Apr, 2012 3:43:14 PM org.apache.coyote.http11.Http11Protocol start
INFO: Starting Coyote HTTP/1.1 on http-8080
13 Apr, 2012 3:43:14 PM org.apache.jk.common.ChannelSocket init
INFO: JK: ajp13 listening on /0.0.0.0:8009
13 Apr, 2012 3:43:14 PM org.apache.jk.server.JkMain start
INFO: Jk running ID=0 time=0/22  config=null
13 Apr, 2012 3:43:14 PM org.apache.catalina.startup.Catalina start
INFO: Server startup in 6766 ms
13 Apr, 2012 5:13:34 PM org.apache.catalina.core.StandardServer await
WARNING: StandardServer.await: Invalid command 'stop' received
13 Apr, 2012 5:15:33 PM org.apache.coyote.http11.Http11Protocol pause
INFO: Pausing Coyote HTTP/1.1 on http-8080
13 Apr, 2012 5:15:34 PM org.apache.catalina.connector.Connector pause
SEVERE: Protocol handler pause failed
java.net.UnknownHostException: neha-Vostro-3550: neha-Vostro-3550
	at java.net.InetAddress.getLocalHost(InetAddress.java:1360)
	at org.apache.jk.common.ChannelSocket.unLockSocket(ChannelSocket.java:490)
	at org.apache.jk.common.ChannelSocket.pause(ChannelSocket.java:288)
	at org.apache.jk.server.JkMain.pause(JkMain.java:726)
	at org.apache.jk.server.JkCoyoteHandler.pause(JkCoyoteHandler.java:153)
	at org.apache.catalina.connector.Connector.pause(Connector.java:1037)
	at org.apache.catalina.core.StandardService.stop(StandardService.java:578)
	at org.apache.catalina.core.StandardServer.stop(StandardServer.java:788)
	at org.apache.catalina.startup.Catalina.stop(Catalina.java:662)
	at org.apache.catalina.startup.Catalina.start(Catalina.java:629)
	at sun.reflect.NativeMethodAccessorImpl.invoke0(Native Method)
	at sun.reflect.NativeMethodAccessorImpl.invoke(NativeMethodAccessorImpl.java:39)
	at sun.reflect.DelegatingMethodAccessorImpl.invoke(DelegatingMethodAccessorImpl.java:25)
	at java.lang.reflect.Method.invoke(Method.java:597)
	at org.apache.catalina.startup.Bootstrap.start(Bootstrap.java:289)
	at org.apache.catalina.startup.Bootstrap.main(Bootstrap.java:414)
13 Apr, 2012 5:15:35 PM org.apache.catalina.startup.HostConfig checkResources
INFO: Undeploying context [/userWS]
13 Apr, 2012 5:15:35 PM org.apache.catalina.loader.WebappClassLoader clearReferencesThreads
SEVERE: The web application [/userWS] appears to have started a thread named [net.sf.ehcache.CacheManager@4a5d4a62] but has failed to stop it. This is very likely to create a memory leak.
13 Apr, 2012 5:15:35 PM org.apache.catalina.loader.WebappClassLoader clearReferencesThreads
SEVERE: The web application [/userWS] appears to have started a thread named [sessionCache.data] but has failed to stop it. This is very likely to create a memory leak.
13 Apr, 2012 5:15:35 PM org.apache.catalina.loader.WebappClassLoader clearReferencesThreads
SEVERE: The web application [/userWS] appears to have started a thread named [promotionCache.data] but has failed to stop it. This is very likely to create a memory leak.
13 Apr, 2012 5:15:35 PM org.apache.catalina.loader.WebappClassLoader clearReferencesThreads
SEVERE: The web application [/userWS] appears to have started a thread named [ssoSessionCache.data] but has failed to stop it. This is very likely to create a memory leak.
13 Apr, 2012 5:15:35 PM org.apache.catalina.loader.WebappClassLoader clearReferencesThreads
SEVERE: The web application [/userWS] appears to have started a thread named [couponCache.data] but has failed to stop it. This is very likely to create a memory leak.
13 Apr, 2012 5:15:35 PM org.apache.catalina.loader.WebappClassLoader clearReferencesThreads
SEVERE: The web application [/userWS] appears to have started a thread named [MySQL Statement Cancellation Timer] but has failed to stop it. This is very likely to create a memory leak.
13 Apr, 2012 5:15:35 PM org.apache.catalina.loader.WebappClassLoader clearThreadLocalMap
SEVERE: The web application [/userWS] created a ThreadLocal with key of type [com.sun.xml.bind.v2.ClassFactory$1] (value [com.sun.xml.bind.v2.ClassFactory$1@412429c]) and a value of type [java.util.WeakHashMap] (value [{class javax.xml.bind.annotation.W3CDomHandler=java.lang.ref.WeakReference@597c401}]) but failed to remove it when the web application was stopped. This is very likely to create a memory leak.
13 Apr, 2012 5:15:35 PM org.apache.catalina.loader.WebappClassLoader clearThreadLocalMap
SEVERE: The web application [/userWS] created a ThreadLocal with key of type [com.sun.xml.bind.v2.ClassFactory$1] (value [com.sun.xml.bind.v2.ClassFactory$1@412429c]) and a value of type [java.util.WeakHashMap] (value [{class com.fb.platform.auth._1_0.LoginRequest=java.lang.ref.WeakReference@2ec52085}]) but failed to remove it when the web application was stopped. This is very likely to create a memory leak.
13 Apr, 2012 5:15:35 PM org.apache.catalina.loader.WebappClassLoader clearThreadLocalMap
SEVERE: The web application [/userWS] created a ThreadLocal with key of type [com.sun.xml.bind.v2.runtime.Coordinator$1] (value [com.sun.xml.bind.v2.runtime.Coordinator$1@fda13c0]) and a value of type [java.lang.Object[]] (value [[Ljava.lang.Object;@3646aa61]) but failed to remove it when the web application was stopped. This is very likely to create a memory leak.
13 Apr, 2012 5:15:35 PM org.apache.catalina.loader.WebappClassLoader clearThreadLocalMap
SEVERE: The web application [/userWS] created a ThreadLocal with key of type [com.sun.xml.bind.v2.ClassFactory$1] (value [com.sun.xml.bind.v2.ClassFactory$1@412429c]) and a value of type [java.util.WeakHashMap] (value [{class com.fb.platform.auth._1_0.LogoutRequest=java.lang.ref.WeakReference@595be21d}]) but failed to remove it when the web application was stopped. This is very likely to create a memory leak.
13 Apr, 2012 5:15:35 PM org.apache.catalina.loader.WebappClassLoader clearThreadLocalMap
SEVERE: The web application [/userWS] created a ThreadLocal with key of type [com.sun.xml.bind.v2.runtime.Coordinator$1] (value [com.sun.xml.bind.v2.runtime.Coordinator$1@fda13c0]) and a value of type [java.lang.Object[]] (value [[Ljava.lang.Object;@1f5a0bc0]) but failed to remove it when the web application was stopped. This is very likely to create a memory leak.
13 Apr, 2012 5:15:35 PM org.apache.catalina.core.StandardService stop
INFO: Stopping service Catalina
13 Apr, 2012 5:15:35 PM org.apache.catalina.startup.HostConfig checkResources
INFO: Undeploying context [/promotionWS]
13 Apr, 2012 5:15:35 PM org.apache.catalina.loader.WebappClassLoader clearReferencesThreads
SEVERE: The web application [/promotionWS] appears to have started a thread named [net.sf.ehcache.CacheManager@33c4bcda] but has failed to stop it. This is very likely to create a memory leak.
13 Apr, 2012 5:15:35 PM org.apache.catalina.loader.WebappClassLoader clearReferencesThreads
SEVERE: The web application [/promotionWS] appears to have started a thread named [couponCache.data] but has failed to stop it. This is very likely to create a memory leak.
13 Apr, 2012 5:15:35 PM org.apache.catalina.loader.WebappClassLoader clearReferencesThreads
SEVERE: The web application [/promotionWS] appears to have started a thread named [sessionCache.data] but has failed to stop it. This is very likely to create a memory leak.
13 Apr, 2012 5:15:35 PM org.apache.catalina.loader.WebappClassLoader clearReferencesThreads
SEVERE: The web application [/promotionWS] appears to have started a thread named [promotionCache.data] but has failed to stop it. This is very likely to create a memory leak.
13 Apr, 2012 5:15:35 PM org.apache.catalina.loader.WebappClassLoader clearReferencesThreads
SEVERE: The web application [/promotionWS] appears to have started a thread named [ssoSessionCache.data] but has failed to stop it. This is very likely to create a memory leak.
13 Apr, 2012 5:15:35 PM org.apache.catalina.loader.WebappClassLoader clearThreadLocalMap
SEVERE: The web application [/promotionWS] created a ThreadLocal with key of type [com.sun.xml.bind.v2.ClassFactory$1] (value [com.sun.xml.bind.v2.ClassFactory$1@6ef2bc8d]) and a value of type [java.util.WeakHashMap] (value [{class javax.xml.bind.annotation.W3CDomHandler=java.lang.ref.WeakReference@23905e3}]) but failed to remove it when the web application was stopped. This is very likely to create a memory leak.
13 Apr, 2012 5:15:35 PM org.apache.catalina.loader.WebappClassLoader clearThreadLocalMap
SEVERE: The web application [/promotionWS] created a ThreadLocal with key of type [com.sun.xml.bind.v2.runtime.Coordinator$1] (value [com.sun.xml.bind.v2.runtime.Coordinator$1@6db17b38]) and a value of type [java.lang.Object[]] (value [[Ljava.lang.Object;@1f10d1cb]) but failed to remove it when the web application was stopped. This is very likely to create a memory leak.
13 Apr, 2012 5:15:35 PM org.apache.catalina.loader.WebappClassLoader clearThreadLocalMap
SEVERE: The web application [/promotionWS] created a ThreadLocal with key of type [com.sun.xml.bind.v2.ClassFactory$1] (value [com.sun.xml.bind.v2.ClassFactory$1@6ef2bc8d]) and a value of type [java.util.WeakHashMap] (value [{class java.util.ArrayList=java.lang.ref.WeakReference@93d765c, class com.fb.platform.promotion._1_0.ApplyCouponRequest=java.lang.ref.WeakReference@222596c1, class com.fb.platform.promotion._1_0.Product=java.lang.ref.WeakReference@51cc6a6a, class com.fb.platform.promotion._1_0.OrderItem=java.lang.ref.WeakReference@435e7f1a, class com.fb.platform.promotion._1_0.OrderRequest=java.lang.ref.WeakReference@70eaa683}]) but failed to remove it when the web application was stopped. This is very likely to create a memory leak.
13 Apr, 2012 5:15:35 PM org.apache.catalina.loader.WebappClassLoader clearThreadLocalMap
SEVERE: The web application [/promotionWS] created a ThreadLocal with key of type [com.sun.xml.bind.v2.runtime.Coordinator$1] (value [com.sun.xml.bind.v2.runtime.Coordinator$1@6db17b38]) and a value of type [java.lang.Object[]] (value [[Ljava.lang.Object;@3d5a1c5f]) but failed to remove it when the web application was stopped. This is very likely to create a memory leak.
13 Apr, 2012 5:15:35 PM org.apache.catalina.loader.WebappClassLoader clearThreadLocalMap
SEVERE: The web application [/promotionWS] created a ThreadLocal with key of type [com.sun.xml.bind.v2.ClassFactory$1] (value [com.sun.xml.bind.v2.ClassFactory$1@6ef2bc8d]) and a value of type [java.util.WeakHashMap] (value [{class com.fb.platform.promotion._1_0.CommitCouponRequest=java.lang.ref.WeakReference@66fcc070}]) but failed to remove it when the web application was stopped. This is very likely to create a memory leak.
13 Apr, 2012 5:15:35 PM org.apache.catalina.loader.WebappClassLoader clearThreadLocalMap
SEVERE: The web application [/promotionWS] created a ThreadLocal with key of type [com.sun.xml.bind.v2.runtime.Coordinator$1] (value [com.sun.xml.bind.v2.runtime.Coordinator$1@6db17b38]) and a value of type [java.lang.Object[]] (value [[Ljava.lang.Object;@5bbe2de2]) but failed to remove it when the web application was stopped. This is very likely to create a memory leak.
13 Apr, 2012 5:15:35 PM org.apache.catalina.loader.WebappClassLoader clearThreadLocalMap
SEVERE: The web application [/promotionWS] created a ThreadLocal with key of type [com.sun.xml.bind.v2.ClassFactory$1] (value [com.sun.xml.bind.v2.ClassFactory$1@6ef2bc8d]) and a value of type [java.util.WeakHashMap] (value [{class com.fb.platform.promotion._1_0.ReleaseCouponRequest=java.lang.ref.WeakReference@22b67f7c}]) but failed to remove it when the web application was stopped. This is very likely to create a memory leak.
13 Apr, 2012 5:15:36 PM org.apache.catalina.startup.HostConfig deployWAR
INFO: Deploying web application archive promotionWS.war
13 Apr, 2012 5:15:38 PM com.sun.jersey.spi.spring.container.servlet.SpringServlet getContext
INFO: Using default applicationContext
13 Apr, 2012 5:15:38 PM com.sun.jersey.spi.spring.container.SpringComponentProviderFactory registerSpringBeans
INFO: Registering Spring bean, couponResource, of type com.fb.platform.promotion.coupon.CouponResource as a root resource class
13 Apr, 2012 5:15:38 PM com.sun.jersey.server.impl.application.WebApplicationImpl _initiate
INFO: Initiating Jersey application, version 'Jersey: 1.11-b04 12/03/2011 04:39 PM'
13 Apr, 2012 5:15:39 PM org.apache.catalina.core.AprLifecycleListener init
INFO: The APR based Apache Tomcat Native library which allows optimal performance in production environments was not found on the java.library.path: /home/nehaga/tools/jvm/jdk1.6.0_31/jre/lib/amd64/server:/home/nehaga/tools/jvm/jdk1.6.0_31/jre/lib/amd64:/home/nehaga/tools/jvm/jdk1.6.0_31/jre/../lib/amd64:/usr/java/packages/lib/amd64:/usr/lib64:/lib64:/lib:/usr/lib
13 Apr, 2012 5:15:39 PM org.apache.coyote.http11.Http11Protocol init
INFO: Initializing Coyote HTTP/1.1 on http-8080
13 Apr, 2012 5:15:39 PM org.apache.catalina.startup.Catalina load
INFO: Initialization processed in 604 ms
13 Apr, 2012 5:15:39 PM org.apache.catalina.core.StandardService start
INFO: Starting service Catalina
13 Apr, 2012 5:15:39 PM org.apache.catalina.core.StandardEngine start
INFO: Starting Servlet Engine: Apache Tomcat/6.0.33
13 Apr, 2012 5:15:39 PM org.apache.catalina.startup.HostConfig deployDescriptor
INFO: Deploying configuration descriptor manager.xml
13 Apr, 2012 5:15:39 PM org.apache.catalina.startup.HostConfig deployDescriptor
INFO: Deploying configuration descriptor host-manager.xml
13 Apr, 2012 5:15:39 PM org.apache.catalina.startup.HostConfig deployWAR
INFO: Deploying web application archive promotionWS.war
13 Apr, 2012 5:15:42 PM com.sun.jersey.spi.spring.container.servlet.SpringServlet getContext
INFO: Using default applicationContext
13 Apr, 2012 5:15:42 PM com.sun.jersey.spi.spring.container.SpringComponentProviderFactory registerSpringBeans
INFO: Registering Spring bean, couponResource, of type com.fb.platform.promotion.coupon.CouponResource as a root resource class
13 Apr, 2012 5:15:42 PM com.sun.jersey.server.impl.application.WebApplicationImpl _initiate
INFO: Initiating Jersey application, version 'Jersey: 1.11-b04 12/03/2011 04:39 PM'
13 Apr, 2012 5:15:43 PM org.apache.catalina.startup.HostConfig deployWAR
INFO: Deploying web application archive userWS.war
13 Apr, 2012 5:15:46 PM com.sun.jersey.spi.spring.container.servlet.SpringServlet getContext
INFO: Using default applicationContext
13 Apr, 2012 5:15:46 PM com.sun.jersey.spi.spring.container.SpringComponentProviderFactory registerSpringBeans
INFO: Registering Spring bean, userPhoneResource, of type com.fb.platform.user.UserPhoneResource as a root resource class
13 Apr, 2012 5:15:46 PM com.sun.jersey.spi.spring.container.SpringComponentProviderFactory registerSpringBeans
INFO: Registering Spring bean, userEmailResource, of type com.fb.platform.user.UserEmailResource as a root resource class
13 Apr, 2012 5:15:46 PM com.sun.jersey.spi.spring.container.SpringComponentProviderFactory registerSpringBeans
INFO: Registering Spring bean, authResource, of type com.fb.platform.user.AuthResource as a root resource class
13 Apr, 2012 5:15:46 PM com.sun.jersey.spi.spring.container.SpringComponentProviderFactory registerSpringBeans
INFO: Registering Spring bean, userAddressResource, of type com.fb.platform.user.UserAddressResource as a root resource class
13 Apr, 2012 5:15:46 PM com.sun.jersey.spi.spring.container.SpringComponentProviderFactory registerSpringBeans
INFO: Registering Spring bean, userResource, of type com.fb.platform.user.UserResource as a root resource class
13 Apr, 2012 5:15:46 PM com.sun.jersey.spi.spring.container.SpringComponentProviderFactory registerSpringBeans
INFO: Registering Spring bean, userws, of type com.fb.platform.user.UserResource as a root resource class
13 Apr, 2012 5:15:46 PM com.sun.jersey.server.impl.application.WebApplicationImpl _initiate
INFO: Initiating Jersey application, version 'Jersey: 1.11-b04 12/03/2011 04:39 PM'
13 Apr, 2012 5:15:47 PM org.apache.catalina.startup.HostConfig deployDirectory
INFO: Deploying web application directory examples
13 Apr, 2012 5:15:47 PM org.apache.catalina.startup.HostConfig deployDirectory
INFO: Deploying web application directory docs
13 Apr, 2012 5:15:47 PM org.apache.catalina.startup.HostConfig deployDirectory
INFO: Deploying web application directory ROOT
13 Apr, 2012 5:15:47 PM org.apache.coyote.http11.Http11Protocol start
INFO: Starting Coyote HTTP/1.1 on http-8080
13 Apr, 2012 5:15:47 PM org.apache.jk.common.ChannelSocket init
INFO: JK: ajp13 listening on /0.0.0.0:8009
13 Apr, 2012 5:15:47 PM org.apache.jk.server.JkMain start
INFO: Jk running ID=0 time=0/16  config=null
13 Apr, 2012 5:15:47 PM org.apache.catalina.startup.Catalina start
INFO: Server startup in 7691 ms
